<?xml version="1.0" encoding="UTF-8"?>
<testsuite xmlns:xsi="http://www.w3.org/2001/XMLSchema-instance" xsi:noNamespaceSchemaLocation="https://maven.apache.org/surefire/maven-surefire-plugin/xsd/surefire-test-report.xsd" name="com.logwire.SauceTest" time="31.581" tests="11" errors="0" skipped="0" failures="0">
  <properties>
[...]
</properties>
  <testcase name="TestCC{String}[1]" classname="com.logwire.SauceTest" time="2.816"/>
  <testcase name="TestCC{String}[2]" classname="com.logwire.SauceTest" time="2.189"/>
  <testcase name="TestCC{String}[3]" classname="com.logwire.SauceTest" time="7.193"/>
  <testcase name="TestCC{String}[4]" classname="com.logwire.SauceTest" time="2.165"/>
  <testcase name="TestCC{String}[5]" classname="com.logwire.SauceTest" time="2.077"/>
  <testcase name="TestCI{String}[1]" classname="com.logwire.SauceTest" time="2.495"/>
  <testcase name="TestCI{String}[2]" classname="com.logwire.SauceTest" time="2.753"/>
  <testcase name="TestCI{String}[3]" classname="com.logwire.SauceTest" time="3.295"/>
  <testcase name="TestCI{String}[4]" classname="com.logwire.SauceTest" time="2.06"/>
  <testcase name="TestCI{String}[5]" classname="com.logwire.SauceTest" time="2.496"/>
  <testcase name="TestIC" classname="com.logwire.SauceTest" time="1.961"/>
</testsuite>